"../../../../../Unreal Projects/BuildingEscape/Content/Blueprints/DefaultPawn_BP.uasset" 0
"../../../../../Unreal Projects/BuildingEscape/Content/Blueprints/MyBuilding_EscapeGameMode_BP.uasset" 1
"../../../Engine/Content/Functions/Engine_MaterialFunctions02/SafeNormalize.uasset" 2
"../../../Engine/Content/Functions/Engine_MaterialFunctions02/Math/CreateThirdOrthogonalVector.uasset" 3
"../../../Engine/Content/Functions/Engine_MaterialFunctions02/Math/InverseTransformMatrix.uasset" 4
"../../../Engine/Content/Functions/Engine_MaterialFunctions02/Math/TransformToZVector.uasset" 5
"../../../Engine/Content/Functions/Engine_MaterialFunctions02/Utility/CameraDirectionVector.uasset" 6
"../../../Engine/Content/Functions/Engine_MaterialFunctions02/Utility/VectorLength.uasset" 7
"../../../Engine/Content/EngineVolumetrics/Fogsheet/Materials/T_EV_BlankWhite_01.uasset" 8
"../../../Engine/Content/Functions/Engine_MaterialFunctions01/Texturing/ParallaxOcclusionMapping.uasset" 9
"../../../../../Unreal Projects/BuildingEscape/Content/MedievalDungeon/Textures/T_Blank_A.uasset" 10
"../../../../../Unreal Projects/BuildingEscape/Content/MedievalDungeon/Textures/T_Blank_C.uasset" 11
"../../../../../Unreal Projects/BuildingEscape/Content/MedievalDungeon/Textures/T_Blank_N.uasset" 12
"../../../../../Unreal Projects/BuildingEscape/Content/MedievalDungeon/Materials/M_Tiling_Master.uasset" 13
"../../../../../Unreal Projects/BuildingEscape/Content/MedievalDungeon/Textures/T_StoneWall_A.uasset" 14
"../../../../../Unreal Projects/BuildingEscape/Content/MedievalDungeon/Textures/T_StoneWall_C.uasset" 15
"../../../../../Unreal Projects/BuildingEscape/Content/MedievalDungeon/Textures/T_StoneWall_H.uasset" 16
"../../../../../Unreal Projects/BuildingEscape/Content/MedievalDungeon/Textures/T_StoneWall_N.uasset" 17
"../../../../../Unreal Projects/BuildingEscape/Content/MedievalDungeon/Materials/M_StoneWall_Inst.uasset" 18
"../../../../../Unreal Projects/BuildingEscape/Content/MedievalDungeon/Meshes/Architecture/Crypt/SM_Crypt_Ceiling_Flat.uasset" 19
"../../../../../Unreal Projects/BuildingEscape/Content/MedievalDungeon/Meshes/Architecture/Crypt/SM_Crypt_Ceiling_Half.uasset" 20
"../../../../../Unreal Projects/BuildingEscape/Content/MedievalDungeon/Meshes/Architecture/Crypt/SM_Crypt_Ceiling_Half_B.uasset" 21
"../../../../../Unreal Projects/BuildingEscape/Content/MedievalDungeon/Meshes/Architecture/Crypt/SM_Crypt_Wall_Half.uasset" 22
"../../../Engine/Content/Functions/Engine_MaterialFunctions01/Gradient/LinearGradient.uasset" 23
"../../../Engine/Content/Functions/Engine_MaterialFunctions01/ImageAdjustment/CheapContrast.uasset" 24
"../../../Engine/Content/Functions/Engine_MaterialFunctions02/Math/MultiplyAdd.uasset" 25
"../../../Engine/Content/Functions/Engine_MaterialFunctions02/Texturing/ScreenAlignedPixelToPixelUVs.uasset" 26
"../../../Engine/Content/EngineMaterials/Good64x64TilingNoiseHighFreq.uasset" 27
"../../../Engine/Content/Functions/Engine_MaterialFunctions02/Utility/DitherTemporalAA.uasset" 28
"../../../../../Unreal Projects/BuildingEscape/Content/MedievalDungeon/Materials/M_Master.uasset" 29
"../../../../../Unreal Projects/BuildingEscape/Content/MedievalDungeon/Textures/T_Ceiling_Arch_Albedo.uasset" 30
"../../../../../Unreal Projects/BuildingEscape/Content/MedievalDungeon/Textures/T_Ceiling_Arch_Compact.uasset" 31
"../../../../../Unreal Projects/BuildingEscape/Content/MedievalDungeon/Textures/T_Ceiling_Arch_Normal.uasset" 32
"../../../../../Unreal Projects/BuildingEscape/Content/MedievalDungeon/Materials/M_Ceiling_Arch_Inst.uasset" 33
"../../../../../Unreal Projects/BuildingEscape/Content/MedievalDungeon/Meshes/Architecture/Dungeon/SM_Ceiling_Arch_B.uasset" 34
"../../../../../Unreal Projects/BuildingEscape/Content/MedievalDungeon/Meshes/Architecture/Dungeon/SM_Ceiling_Flat_Half.uasset" 35
"../../../../../Unreal Projects/BuildingEscape/Content/MedievalDungeon/Meshes/Architecture/Dungeon/SM_Ceiling_Third_Reverse.uasset" 36
"../../../../../Unreal Projects/BuildingEscape/Content/MedievalDungeon/Meshes/Architecture/Dungeon/SM_Dungeon_Wall_Half.uasset" 37
"../../../../../Unreal Projects/BuildingEscape/Content/MedievalDungeon/Textures/T_Coffin_Albedo.uasset" 38
"../../../../../Unreal Projects/BuildingEscape/Content/MedievalDungeon/Textures/T_Coffin_Compact.uasset" 39
"../../../../../Unreal Projects/BuildingEscape/Content/MedievalDungeon/Textures/T_Coffin_Normal.uasset" 40
"../../../../../Unreal Projects/BuildingEscape/Content/MedievalDungeon/Materials/M_Coffin_Inst.uasset" 41
"../../../../../Unreal Projects/BuildingEscape/Content/MedievalDungeon/Meshes/Props/SM_Coffin_Lid.uasset" 42
"../../../../../Unreal Projects/BuildingEscape/Content/MedievalDungeon/Meshes/Props/SM_Coffin_No_Lid.uasset" 43
"../../../../../Unreal Projects/BuildingEscape/Content/MedievalDungeon/Textures/T_SplitLog_A.uasset" 44
"../../../../../Unreal Projects/BuildingEscape/Content/MedievalDungeon/Textures/T_SplitLog_C.uasset" 45
"../../../../../Unreal Projects/BuildingEscape/Content/MedievalDungeon/Textures/T_SplitLog_N.uasset" 46
"../../../../../Unreal Projects/BuildingEscape/Content/MedievalDungeon/Materials/M_Log_Inst.uasset" 47
"../../../../../Unreal Projects/BuildingEscape/Content/MedievalDungeon/Meshes/Props/SM_SplitLog.uasset" 48
"../../../../../Unreal Projects/BuildingEscape/Content/MedievalDungeon/Textures/T_Wood_A.uasset" 49
"../../../../../Unreal Projects/BuildingEscape/Content/MedievalDungeon/Textures/T_Wood_C.uasset" 50
"../../../../../Unreal Projects/BuildingEscape/Content/MedievalDungeon/Textures/T_Wood_N.uasset" 51
"../../../../../Unreal Projects/BuildingEscape/Content/MedievalDungeon/Materials/M_Wood_Inst.uasset" 52
"../../../../../Unreal Projects/BuildingEscape/Content/MedievalDungeon/Meshes/Props/SM_Wood_A.uasset" 53
"../../../../../Unreal Projects/BuildingEscape/Content/MedievalDungeon/Meshes/Props/SM_Wood_B.uasset" 54
"../../../../../Unreal Projects/BuildingEscape/Content/MedievalDungeon/Meshes/Props/SM_Wood_C.uasset" 55
"../../../../../Unreal Projects/BuildingEscape/Content/MedievalDungeon/Meshes/Props/SM_Wood_D.uasset" 56
"../../../../../Unreal Projects/BuildingEscape/Content/MedievalDungeon/Meshes/Props/SM_Wood_E.uasset" 57
"../../../../../Unreal Projects/BuildingEscape/Content/MedievalDungeon/Meshes/Props/SM_Wood_F.uasset" 58
"../../../../../Unreal Projects/BuildingEscape/Content/MedievalDungeon/Textures/T_Skeleton_Clean_A.uasset" 59
"../../../../../Unreal Projects/BuildingEscape/Content/MedievalDungeon/Textures/T_Skeleton_Clean_C.uasset" 60
"../../../../../Unreal Projects/BuildingEscape/Content/MedievalDungeon/Textures/T_Skeleton_Clean_N.uasset" 61
"../../../../../Unreal Projects/BuildingEscape/Content/MedievalDungeon/Textures/T_Skeleton_Dirty_A.uasset" 62
"../../../../../Unreal Projects/BuildingEscape/Content/MedievalDungeon/Textures/T_Skeleton_Dirty_C.uasset" 63
"../../../../../Unreal Projects/BuildingEscape/Content/MedievalDungeon/Textures/T_Skeleton_Dirty_N.uasset" 64
"../../../../../Unreal Projects/BuildingEscape/Content/MedievalDungeon/Materials/M_Skeleton_Dirty.uasset" 65
"../../../../../Unreal Projects/BuildingEscape/Content/MedievalDungeon/Meshes/Skeletons/SM_Bones_FootRight.uasset" 66
"../../../../../Unreal Projects/BuildingEscape/Content/MedievalDungeon/Meshes/Skeletons/SM_Bones_HumerusLeft.uasset" 67
"../../../../../Unreal Projects/BuildingEscape/Content/MedievalDungeon/Meshes/Skeletons/SM_Bones_HumerusRight.uasset" 68
"../../../../../Unreal Projects/BuildingEscape/Content/MedievalDungeon/Meshes/Skeletons/SM_Bones_PatellaLeft.uasset" 69
"../../../../../Unreal Projects/BuildingEscape/Content/MedievalDungeon/Meshes/Skeletons/SM_Bones_PatellaRight.uasset" 70
"../../../../../Unreal Projects/BuildingEscape/Content/MedievalDungeon/Meshes/Skeletons/SM_Bones_ScapulaRight.uasset" 71
"../../../../../Unreal Projects/BuildingEscape/Content/MedievalDungeon/Meshes/Skeletons/SM_Skeleton_04.uasset" 72
"../../../../../Unreal Projects/BuildingEscape/Content/MedievalDungeon/Meshes/Skeletons/SM_Skeleton_06.uasset" 73
"../../../../../Unreal Projects/BuildingEscape/Content/MedievalDungeon/Meshes/Skeletons/SM_Skeleton_07.uasset" 74
"../../../../../Unreal Projects/BuildingEscape/Content/MedievalDungeon/Textures/T_Steps_A.uasset" 75
"../../../../../Unreal Projects/BuildingEscape/Content/MedievalDungeon/Textures/T_Steps_C.uasset" 76
"../../../../../Unreal Projects/BuildingEscape/Content/MedievalDungeon/Textures/T_Steps_N.uasset" 77
"../../../../../Unreal Projects/BuildingEscape/Content/Models/Materials_And_Textures/T_Stone_BC.uasset" 78
"../../../../../Unreal Projects/BuildingEscape/Content/Models/Materials_And_Textures/M_Stone.uasset" 79
"../../../../../Unreal Projects/BuildingEscape/Content/Models/Materials_And_Textures/MI_Door_Frame.uasset" 80
"../../../../../Unreal Projects/BuildingEscape/Content/Models/Materials_And_Textures/DoorFrame.uasset" 81
"../../../../../Unreal Projects/BuildingEscape/Content/Models/SM_DoorFrame.uasset" 82
"../../../../../Unreal Projects/BuildingEscape/Content/Models/SM_DoorFrame_NEW.uasset" 83
"../../../../../Unreal Projects/BuildingEscape/Content/Models/Materials_And_Textures/M_Brass.uasset" 84
"../../../../../Unreal Projects/BuildingEscape/Content/Models/Materials_And_Textures/T_Metal_Wood_BC.uasset" 85
"../../../../../Unreal Projects/BuildingEscape/Content/Models/Materials_And_Textures/M_Metal_Wood.uasset" 86
"../../../../../Unreal Projects/BuildingEscape/Content/Models/Materials_And_Textures/MI_Door.uasset" 87
"../../../../../Unreal Projects/BuildingEscape/Content/Models/Materials_And_Textures/DoorMaterial.uasset" 88
"../../../../../Unreal Projects/BuildingEscape/Content/Models/SM_Door.uasset" 89
"../../../../../Unreal Projects/BuildingEscape/Content/Models/SM_Door_NEW.uasset" 90
"../../../../../Unreal Projects/BuildingEscape/Content/Models/Materials_And_Textures/MI_Ceiling.uasset" 91
"../../../../../Unreal Projects/BuildingEscape/Content/Models/Materials_And_Textures/Ceiling.uasset" 92
"../../../../../Unreal Projects/BuildingEscape/Content/Models/Materials_And_Textures/MI_Stone_Floor.uasset" 93
"../../../../../Unreal Projects/BuildingEscape/Content/Models/Materials_And_Textures/Stone_Floor.uasset" 94
"../../../../../Unreal Projects/BuildingEscape/Content/Models/Materials_And_Textures/UV_Test.uasset" 95
"../../../../../Unreal Projects/BuildingEscape/Content/Models/Materials_And_Textures/MI_Wall.uasset" 96
"../../../../../Unreal Projects/BuildingEscape/Content/Models/Materials_And_Textures/Wall.uasset" 97
"../../../Engine/Content/Animation/DefaultAnimCurveCompressionSettings.uasset" 98
"../../../Engine/Content/Functions/Engine_MaterialFunctions01/Opacity/CameraDepthFade.uasset" 99
"../../../Engine/Content/EngineMaterials/T_Default_Material_Grid_M.uasset" 100
"../../../Engine/Content/EngineMaterials/T_Default_Material_Grid_N.uasset" 101
"../../../Engine/Content/EngineMaterials/WorldGridMaterial.uasset" 102
"../../../Engine/Content/ArtTools/RenderToTexture/Meshes/S_1_Unit_Plane.uasset" 103
"../../../Engine/Content/EngineMaterials/DefaultMaterial.uasset" 104
"../../../Engine/Content/BasicShapes/Cylinder.uasset" 105
"../../../Engine/Content/BasicShapes/Plane.uasset" 106
"../../../Engine/Content/EditorLandscapeResources/DataLayer.uasset" 107
"../../../Engine/Content/EditorMaterials/MAT_Groups_Toggle.uasset" 108
"../../../Engine/Content/EditorMaterials/MAT_Groups_Visibility.uasset" 109
"../../../Engine/Content/EditorMaterials/PreviewShadowIndicator.uasset" 110
"../../../Engine/Content/EditorMaterials/PreviewShadowIndicatorMaterial.uasset" 111
"../../../Engine/Content/EditorMaterials/MatineeGroups/MAT_ColorTrack.uasset" 112
"../../../Engine/Content/EditorMaterials/MatineeGroups/MAT_Groups_Anim.uasset" 113
"../../../Engine/Content/EditorMaterials/MatineeGroups/MAT_Groups_AudioMaster.uasset" 114
"../../../Engine/Content/EditorMaterials/MatineeGroups/MAT_Groups_Director.uasset" 115
"../../../Engine/Content/EditorMaterials/MatineeGroups/MAT_Groups_Event.uasset" 116
"../../../Engine/Content/EditorMaterials/MatineeGroups/MAT_Groups_Fade.uasset" 117
"../../../Engine/Content/EditorMaterials/MatineeGroups/MAT_Groups_Float.uasset" 118
"../../../Engine/Content/EditorMaterials/MatineeGroups/MAT_Groups_Move.uasset" 119
"../../../Engine/Content/EditorMaterials/MatineeGroups/MAT_Groups_Slomo.uasset" 120
"../../../Engine/Content/EditorMaterials/MatineeGroups/MAT_Groups_Sound.uasset" 121
"../../../Engine/Content/EditorMaterials/MatineeGroups/MAT_Groups_Vector.uasset" 122
"../../../Engine/Content/EditorMaterials/ParticleSystems/PSysThumbnail_NoImage.uasset" 123
"../../../Engine/Content/EditorMaterials/ParticleSystems/PSysThumbnail_OOD.uasset" 124
"../../../Engine/Content/EditorMaterials/Camera/CineMat.uasset" 125
"../../../Engine/Content/EditorMaterials/Camera/MI_CineMat_Rig.uasset" 126
"../../../Engine/Content/EditorMeshes/Camera/SM_CraneRig_Arm.uasset" 127
"../../../Engine/Content/EditorMeshes/Camera/SM_CraneRig_Base.uasset" 128
"../../../Engine/Content/EditorMeshes/Camera/SM_CraneRig_Body.uasset" 129
"../../../Engine/Content/EditorMeshes/Camera/SM_CraneRig_Mount.uasset" 130
"../../../Engine/Content/EditorMeshes/Camera/SM_RailRig_Mount.uasset" 131
"../../../Engine/Content/EditorMeshes/Camera/SM_RailRig_Track.uasset" 132
"../../../Engine/Content/EditorResources/BSPVertex.uasset" 133
"../../../Engine/Content/EditorResources/EmptyActor.uasset" 134
"../../../Engine/Content/EditorResources/S_Actor.uasset" 135
"../../../Engine/Content/EditorResources/S_Note.uasset" 136
"../../../Engine/Content/EditorResources/S_Solver.uasset" 137
"../../../Engine/Content/EditorResources/S_Trigger.uasset" 138
"../../../Engine/Content/EditorResources/AudioIcons/S_AudioComponent.uasset" 139
"../../../Engine/Content/EditorResources/AudioIcons/S_AudioComponent_AutoActivate.uasset" 140
"../../../Engine/Content/EditorResources/LightIcons/S_LightError.uasset" 141
"../../../Engine/Content/EditorResources/SequenceRecorder/Countdown.uasset" 142
"../../../Engine/Content/EditorResources/SequenceRecorder/RecordingIndicator.uasset" 143
"../../../Engine/Content/EditorSounds/Notifications/CompileFailed.uasset" 144
"../../../Engine/Content/EditorSounds/Notifications/CompileFailed_Cue.uasset" 145
"../../../Engine/Content/EditorSounds/Notifications/CompileSuccess.uasset" 146
"../../../Engine/Content/EditorSounds/Notifications/CompileStart_Cue.uasset" 147
"../../../Engine/Content/EditorSounds/Notifications/CompileSuccess_Cue.uasset" 148
"../../../Engine/Content/EngineDamageTypes/DmgTypeBP_Environmental.uasset" 149
"../../../Engine/Content/EngineDebugMaterials/DebugEditorMaterial.uasset" 150
"../../../Engine/Content/EngineDebugMaterials/DebugMeshMaterial.uasset" 151
"../../../Engine/Content/EngineDebugMaterials/M_SimpleUnlitTranslucent.uasset" 152
"../../../Engine/Content/EngineDebugMaterials/VolumeToRender.uasset" 153
"../../../Engine/Content/EngineDebugMaterials/M_VolumeRenderSphereTracePP.uasset" 154
"../../../Engine/Content/EngineDebugMaterials/WireframeMaterial.uasset" 155
"../../../Engine/Content/EngineFonts/Faces/DroidSansFallback.uasset" 156
"../../../Engine/Content/EngineFonts/Faces/RobotoBold.uasset" 157
"../../../Engine/Content/EngineFonts/Faces/RobotoBoldItalic.uasset" 158
"../../../Engine/Content/EngineFonts/Faces/RobotoItalic.uasset" 159
"../../../Engine/Content/EngineFonts/Faces/RobotoLight.uasset" 160
"../../../Engine/Content/EngineFonts/Faces/RobotoRegular.uasset" 161
"../../../Engine/Content/EngineFonts/Roboto.uasset" 162
"../../../Engine/Content/EngineMaterials/BaseFlattenDiffuseMap.uasset" 163
"../../../Engine/Content/EngineMaterials/BaseFlattenEmissiveMap.uasset" 164
"../../../Engine/Content/EngineMaterials/BaseFlattenGrayscaleMap.uasset" 165
"../../../Engine/Content/EngineMaterials/BaseFlattenNormalMap.uasset" 166
"../../../Engine/Content/EngineMaterials/BaseFlattenMaterial.uasset" 167
"../../../Engine/Content/EngineMaterials/BlueNoise.uasset" 168
"../../../Engine/Content/EngineMaterials/DefaultBloomKernel.uasset" 169
"../../../Engine/Content/EngineMaterials/DefaultBokeh.uasset" 170
"../../../Engine/Content/EngineMaterials/DefaultDiffuse.uasset" 171
"../../../Engine/Content/EngineMaterials/DefaultDeferredDecalMaterial.uasset" 172
"../../../Engine/Content/EngineMaterials/DefaultLightFunctionMaterial.uasset" 173
"../../../Engine/Content/EngineMaterials/DefaultPhysicalMaterial.uasset" 174
"../../../Engine/Content/Functions/Engine_MaterialFunctions02/Utility/BreakOutFloat2Components.uasset" 175
"../../../Engine/Content/EngineMaterials/DefaultPostProcessMaterial.uasset" 176
"../../../Engine/Content/EngineFonts/RobotoDistanceField.uasset" 177
"../../../Engine/Content/EngineMaterials/DefaultTextMaterialOpaque.uasset" 178
"../../../Engine/Content/EngineMaterials/DefaultWhiteGrid.uasset" 179
"../../../Engine/Content/EngineMaterials/DefaultWhiteGrid_Low.uasset" 180
"../../../Engine/Content/EngineMaterials/EmissiveMeshMaterial.uasset" 181
"../../../Engine/Content/EngineMaterials/GizmoMaterial.uasset" 182
"../../../Engine/Content/EngineMaterials/MiniFont.uasset" 183
"../../../Engine/Content/EngineMaterials/InvalidLightmapSettings.uasset" 184
"../../../Engine/Content/EngineMaterials/M_InvalidLightmapSettings.uasset" 185
"../../../Engine/Content/Functions/Engine_MaterialFunctions02/WorldPositionOffset/CameraOffset.uasset" 186
"../../../Engine/Content/EngineMaterials/PhAT_JointLimitMaterial.uasset" 187
"../../../Engine/Content/EngineMaterials/PreintegratedSkinBRDF.uasset" 188
"../../../Engine/Content/EngineMaterials/RemoveSurfaceMaterial.uasset" 189
"../../../Engine/Content/EngineMaterials/WeightMapPlaceholderTexture.uasset" 190
"../../../Engine/Content/EngineResources/WhiteSquareTexture.uasset" 191
"../../../Engine/Content/EngineMaterials/Widget3DPassThrough.uasset" 192
"../../../Engine/Content/EngineMaterials/Widget3DPassThrough_Masked.uasset" 193
"../../../Engine/Content/EngineMaterials/Widget3DPassThrough_Opaque.uasset" 194
"../../../Engine/Content/EngineMaterials/Widget3DPassThrough_Masked_OneSided.uasset" 195
"../../../Engine/Content/EngineMaterials/Widget3DPassThrough_Opaque_OneSided.uasset" 196
"../../../Engine/Content/EngineMaterials/Widget3DPassThrough_Translucent.uasset" 197
"../../../Engine/Content/EngineMaterials/Widget3DPassThrough_Translucent_OneSided.uasset" 198
"../../../Engine/Content/EngineMeshes/Cylinder.uasset" 199
"../../../Engine/Content/EngineMeshes/Sphere.uasset" 200
"../../../Engine/Content/EngineResources/Black.uasset" 201
"../../../Engine/Content/EngineResources/DefaultTexture.uasset" 202
"../../../Engine/Content/EngineResources/DefaultTextureCube.uasset" 203
"../../../Engine/Content/EngineResources/DefaultVolumeTexture2D.uasset" 204
"../../../Engine/Content/EngineResources/DefaultVolumeTexture.uasset" 205
"../../../Engine/Content/EngineResources/GradientTexture0.uasset" 206
"../../../Engine/Content/EngineSounds/Master.uasset" 207
"../../../Engine/Content/Functions/Engine_MaterialFunctions01/Shading/ConvertFromDiffSpec.uasset" 208
"../../../Engine/Content/Functions/Engine_MaterialFunctions01/Shading/PowerToRoughness.uasset" 209
"../../../Engine/Content/Maps/Templates/Thumbnails/Default.uasset" 210
"../../../Engine/Content/Maps/Templates/Thumbnails/TimeOfDay.uasset" 211
"../../../Engine/Content/Maps/Templates/Thumbnails/VR-Basic.uasset" 212
"../../../Engine/Content/MobileResources/T_MobileControls_texture.uasset" 213
"../../../Engine/Content/MobileResources/T_MobileMenu2.uasset" 214
"../../../Engine/Content/MobileResources/HUD/AnalogHat.uasset" 215
"../../../Engine/Content/MobileResources/HUD/VirtualJoystick_Background.uasset" 216
"../../../Engine/Content/MobileResources/HUD/VirtualJoystick_Thumb.uasset" 217
"../../../Engine/Content/MobileResources/HUD/DefaultVirtualJoysticks.uasset" 218
"../../../Engine/Content/MobileResources/HUD/LeftVirtualJoystickOnly.uasset" 219
"../../../Engine/Content/MobileResources/HUD/MobileHUDButton1_off.uasset" 220
"../../../Engine/Content/MobileResources/HUD/MobileHUDButton1_on.uasset" 221
"../../../Engine/Content/MobileResources/HUD/MobileHUDButton2_off.uasset" 222
"../../../Engine/Content/MobileResources/HUD/MobileHUDButton2_on.uasset" 223
"../../../Engine/Content/MobileResources/HUD/MobileHUDButton3.uasset" 224
"../../../Engine/Content/MobileResources/HUD/MobileHUDButtonFire.uasset" 225
"../../../Engine/Content/MobileResources/HUD/MobileHUDDirectionPad.uasset" 226
"../../../Engine/Content/MobileResources/HUD/MobileHUDDirectionPad2.uasset" 227
"../../../Engine/Content/MobileResources/HUD/MobileHUDDirectionPad3.uasset" 228
"../../../Engine/Content/MobileResources/HUD/MobileHUDDirectionStick.uasset" 229
"../../../Engine/Content/MobileResources/HUD/T_Castle_ThumbstickInner.uasset" 230
"../../../Engine/Content/MobileResources/HUD/T_Castle_ThumbstickOutter.uasset" 231
"../../../Engine/Content/Tutorial/ContentIntroCurve.uasset" 232
"../../../Engine/Content/Tutorial/Basics/LevelEditorAttract.uasset" 233
"../../../Engine/Content/Tutorial/Basics/TutorialAssets/icon_tab_Levels_40x.uasset" 234
"../../../Engine/Content/Tutorial/Basics/LevelEditorOverview.uasset" 235
"../../../Engine/Content/VREditor/LaserPointer/VR_LaserPower_01.uasset" 236
"../../../Engine/Content/VREditor/TransformGizmo/TransformGizmoMaterial.uasset" 237
"../../../Engine/Content/VREditor/TransformGizmo/TranslucentTransformGizmoMaterial.uasset" 238
"../../../Engine/Content/VREditor/TransformGizmo/BoundingBoxCorner.uasset" 239
"../../../Engine/Content/VREditor/TransformGizmo/BoundingBoxEdge.uasset" 240
"../../../Engine/Content/VREditor/TransformGizmo/PlaneTranslationHandle.uasset" 241
"../../../Engine/Content/VREditor/TransformGizmo/Main.uasset" 242
"../../../Engine/Content/VREditor/TransformGizmo/Xray.uasset" 243
"../../../Engine/Content/VREditor/TransformGizmo/SM_Sequencer_Key.uasset" 244
"../../../Engine/Content/VREditor/TransformGizmo/SM_Sequencer_Node.uasset" 245
"../../Plugins/2D/Paper2D/Content/PlaceholderTextures/DummySpriteTexture.uasset" 246
"../../Plugins/2D/Paper2D/Content/DummySprite.uasset" 247
"../../Plugins/2D/Paper2D/Content/DefaultPaperTerrainMaterial.uasset" 248
"../../Plugins/2D/Paper2D/Content/DefaultSpriteMaterial.uasset" 249
"../../Plugins/2D/Paper2D/Content/MaskedUnlitSpriteMaterial.uasset" 250
"../../Plugins/2D/Paper2D/Content/OpaqueUnlitSpriteMaterial.uasset" 251
"../../Plugins/FX/Niagara/Content/Enums/ENiagaraBooleanLogicOps.uasset" 252
"../../Plugins/FX/Niagara/Content/Enums/ENiagaraCoordinateSpace.uasset" 253
"../../Plugins/FX/Niagara/Content/Enums/ENiagaraExpansionMode.uasset" 254
"../../Plugins/FX/Niagara/Content/Enums/ENiagaraOrientationAxis.uasset" 255
"../../Plugins/FX/Niagara/Content/Enums/ENiagaraRandomnessMode.uasset" 256
"../../../Engine/Content/Functions/Engine_MaterialFunctions02/Utility/BreakOutFloat4Components.uasset" 257
"../../../Engine/Content/Functions/Engine_MaterialFunctions02/Utility/MakeFloat2.uasset" 258
"../../../Engine/Content/Functions/Engine_MaterialFunctions02/Utility/MakeFloat3.uasset" 259
"../../Plugins/Runtime/Oculus/OculusVR/Content/Materials/OculusMR_ChromaKey.uasset" 260
"../../Plugins/Runtime/Oculus/OculusVR/Content/Materials/OculusMR_ChromaKey_Lit.uasset" 261
"../../Plugins/Runtime/Oculus/OculusVR/Content/Materials/OculusMR_OpaqueColoredMaterial.uasset" 262
"../../Plugins/Runtime/Oculus/OculusVR/Content/Materials/OculusMR_WhiteMaterial.uasset" 263
"../../../Engine/Content/EditorBlueprintResources/StandardMacros.uasset" 264
"../../../Engine/Content/EngineSky/C_Sky_Cloud_Color.uasset" 265
"../../../Engine/Content/EngineSky/C_Sky_Horizon_Color.uasset" 266
"../../../Engine/Content/EngineSky/C_Sky_Zenith_Color.uasset" 267
"../../../Engine/Content/EngineSky/T_Sky_Blue.uasset" 268
"../../../Engine/Content/EngineSky/T_Sky_Clouds_M.uasset" 269
"../../../Engine/Content/EngineSky/T_Sky_Stars.uasset" 270
"../../../Engine/Content/EngineSky/M_Sky_Panning_Clouds2.uasset" 271
"../../../Engine/Content/EngineSky/SM_SkySphere.uasset" 272
"../../../Engine/Content/EngineSky/BP_Sky_Sphere.uasset" 273
"../../../../../Unreal Projects/BuildingEscape/Content/Levels/BuildingEscape_BuiltData.uasset" 274
"../../../Engine/Content/BasicShapes/BasicShapeMaterial.uasset" 275
"../../../Engine/Content/BasicShapes/Cone.uasset" 276
"../../../Engine/Content/BasicShapes/Cube.uasset" 277
"../../../Engine/Content/BasicShapes/Sphere.uasset" 278
"../../../Engine/Content/MapTemplates/SM_Template_Map_Floor.uasset" 279
"../../../../../Unreal Projects/BuildingEscape/Content/Sounds/door-lock.uasset" 280
"../../../../../Unreal Projects/BuildingEscape/Content/Levels/BuildingEscape.umap" 281
"../../../../../Unreal Projects/BuildingEscape/Content/Fonts/BlackAsylum-xypj.uasset" 282
"../../../../../Unreal Projects/BuildingEscape/Content/Fonts/BlackAsylum-xypj_Font.uasset" 283
"../../../../../Unreal Projects/BuildingEscape/Content/Levels/Escape_BuiltData.uasset" 284
"../../../../../Unreal Projects/BuildingEscape/Content/MedievalDungeon/Textures/T_BrickFloor_Clean_A.uasset" 285
"../../../../../Unreal Projects/BuildingEscape/Content/MedievalDungeon/Textures/T_BrickFloor_Clean_C.uasset" 286
"../../../../../Unreal Projects/BuildingEscape/Content/MedievalDungeon/Textures/T_BrickFloor_Clean_H.uasset" 287
"../../../../../Unreal Projects/BuildingEscape/Content/MedievalDungeon/Textures/T_BrickFloor_Clean_N.uasset" 288
"../../../../../Unreal Projects/BuildingEscape/Content/MedievalDungeon/Materials/M_BrickFloor_Clean_Inst.uasset" 289
"../../../../../Unreal Projects/BuildingEscape/Content/MedievalDungeon/Textures/T_CandleStick_Bronze_A.uasset" 290
"../../../../../Unreal Projects/BuildingEscape/Content/MedievalDungeon/Textures/T_CandleStick_Bronze_C.uasset" 291
"../../../../../Unreal Projects/BuildingEscape/Content/MedievalDungeon/Textures/T_CandleStick_Bronze_N.uasset" 292
"../../../../../Unreal Projects/BuildingEscape/Content/MedievalDungeon/Materials/M_CandleStick_Bronze_Inst.uasset" 293
"../../../../../Unreal Projects/BuildingEscape/Content/MedievalDungeon/Meshes/Architecture/Dungeon/SM_Ceiling.uasset" 294
"../../../../../Unreal Projects/BuildingEscape/Content/MedievalDungeon/Meshes/Architecture/Dungeon/SM_Ceiling_Arch_A.uasset" 295
"../../../../../Unreal Projects/BuildingEscape/Content/MedievalDungeon/Meshes/Architecture/Dungeon/SM_Ceiling_Flat.uasset" 296
"../../../../../Unreal Projects/BuildingEscape/Content/MedievalDungeon/Textures/T_Cell_Side_A.uasset" 297
"../../../../../Unreal Projects/BuildingEscape/Content/MedievalDungeon/Textures/T_Cell_Side_C.uasset" 298
"../../../../../Unreal Projects/BuildingEscape/Content/MedievalDungeon/Textures/T_Cell_Side_N.uasset" 299
"../../../../../Unreal Projects/BuildingEscape/Content/MedievalDungeon/Materials/M_Cell_Side_Inst.uasset" 300
"../../../../../Unreal Projects/BuildingEscape/Content/MedievalDungeon/Meshes/Architecture/Dungeon/SM_Cell_Side.uasset" 301
"../../../../../Unreal Projects/BuildingEscape/Content/MedievalDungeon/Textures/T_DoorHardware_Albedo.uasset" 302
"../../../../../Unreal Projects/BuildingEscape/Content/MedievalDungeon/Textures/T_DoorHardware_C.uasset" 303
"../../../../../Unreal Projects/BuildingEscape/Content/MedievalDungeon/Textures/T_DoorHardware_N.uasset" 304
"../../../../../Unreal Projects/BuildingEscape/Content/MedievalDungeon/Materials/M_Door_Hardware_Inst.uasset" 305
"../../../../../Unreal Projects/BuildingEscape/Content/MedievalDungeon/Textures/T_DoorWay_Large_Door_Right_Albedo.uasset" 306
"../../../../../Unreal Projects/BuildingEscape/Content/MedievalDungeon/Textures/T_DoorWay_Large_Door_Right_Normal.uasset" 307
"../../../../../Unreal Projects/BuildingEscape/Content/MedievalDungeon/Textures/T_DoorWay_Large_DoorRight_Compact.uasset" 308
"../../../../../Unreal Projects/BuildingEscape/Content/MedievalDungeon/Materials/M_Doorway_Large_Right_Door_Inst.uasset" 309
"../../../../../Unreal Projects/BuildingEscape/Content/MedievalDungeon/Textures/T_Large_Window_Half_A.uasset" 310
"../../../../../Unreal Projects/BuildingEscape/Content/MedievalDungeon/Textures/T_Large_Window_Half_C.uasset" 311
"../../../../../Unreal Projects/BuildingEscape/Content/MedievalDungeon/Textures/T_Large_Window_Half_N.uasset" 312
"../../../../../Unreal Projects/BuildingEscape/Content/MedievalDungeon/Materials/M_Large_Window_Half_Inst.uasset" 313
"../../../../../Unreal Projects/BuildingEscape/Content/MedievalDungeon/Meshes/Architecture/Dungeon/SM_DoorWay.uasset" 314
"../../../../../Unreal Projects/BuildingEscape/Content/MedievalDungeon/Textures/T_Metal_A.uasset" 315
"../../../../../Unreal Projects/BuildingEscape/Content/MedievalDungeon/Textures/T_Metal_C.uasset" 316
"../../../../../Unreal Projects/BuildingEscape/Content/MedievalDungeon/Textures/T_Metal_N.uasset" 317
"../../../../../Unreal Projects/BuildingEscape/Content/MedievalDungeon/Materials/M_Metal_Decor_Inst.uasset" 318
"../../../../../Unreal Projects/BuildingEscape/Content/MedievalDungeon/Meshes/Architecture/Dungeon/SM_DoorWay_Large_Door_Right.uasset" 319
"../../../../../Unreal Projects/BuildingEscape/Content/MedievalDungeon/Meshes/Architecture/Dungeon/SM_Dungeon_Wall.uasset" 320
"../../../../../Unreal Projects/BuildingEscape/Content/MedievalDungeon/Textures/T_Edge_Stones_And_Straight_Column_Texturing_Albedo.uasset" 321
"../../../../../Unreal Projects/BuildingEscape/Content/MedievalDungeon/Textures/T_Edge_Stones_And_Straight_Column_Texturing_Compact.uasset" 322
"../../../../../Unreal Projects/BuildingEscape/Content/MedievalDungeon/Textures/T_Edge_Stones_And_Straight_Column_Texturing_Normal.uasset" 323
"../../../../../Unreal Projects/BuildingEscape/Content/MedievalDungeon/Materials/M_Edge_Stones_Inst.uasset" 324
"../../../../../Unreal Projects/BuildingEscape/Content/MedievalDungeon/Textures/T_Fire_Pit_A.uasset" 325
"../../../../../Unreal Projects/BuildingEscape/Content/MedievalDungeon/Textures/T_Fire_Pit_C.uasset" 326
"../../../../../Unreal Projects/BuildingEscape/Content/MedievalDungeon/Textures/T_Fire_Pit_N.uasset" 327
"../../../../../Unreal Projects/BuildingEscape/Content/MedievalDungeon/Materials/M_Fire_Pit_Inst.uasset" 328
"../../../../../Unreal Projects/BuildingEscape/Content/MedievalDungeon/Meshes/Architecture/Dungeon/SM_Fire_Pit.uasset" 329
"../../../../../Unreal Projects/BuildingEscape/Content/MedievalDungeon/Textures/T_Half_Arch_A.uasset" 330
"../../../../../Unreal Projects/BuildingEscape/Content/MedievalDungeon/Textures/T_Half_Arch_C.uasset" 331
"../../../../../Unreal Projects/BuildingEscape/Content/MedievalDungeon/Textures/T_Half_Arch_N.uasset" 332
"../../../../../Unreal Projects/BuildingEscape/Content/MedievalDungeon/Materials/M_Half_Arch_Inst.uasset" 333
"../../../../../Unreal Projects/BuildingEscape/Content/MedievalDungeon/Meshes/Architecture/Dungeon/SM_Half_Arch.uasset" 334
"../../../../../Unreal Projects/BuildingEscape/Content/MedievalDungeon/Meshes/Architecture/Dungeon/SM_Large_Window_Half.uasset" 335
"../../../../../Unreal Projects/BuildingEscape/Content/MedievalDungeon/Textures/T_Pillar_A.uasset" 336
"../../../../../Unreal Projects/BuildingEscape/Content/MedievalDungeon/Textures/T_Pillar_C.uasset" 337
"../../../../../Unreal Projects/BuildingEscape/Content/MedievalDungeon/Textures/T_Pillar_N.uasset" 338
"../../../../../Unreal Projects/BuildingEscape/Content/MedievalDungeon/Materials/M_Pillar_Inst.uasset" 339
"../../../../../Unreal Projects/BuildingEscape/Content/MedievalDungeon/Meshes/Architecture/Dungeon/SM_Pillar.uasset" 340
"../../../../../Unreal Projects/BuildingEscape/Content/MedievalDungeon/Textures/T_Stone_Altar_A.uasset" 341
"../../../../../Unreal Projects/BuildingEscape/Content/MedievalDungeon/Textures/T_Stone_Altar_C.uasset" 342
"../../../../../Unreal Projects/BuildingEscape/Content/MedievalDungeon/Textures/T_Stone_Altar_N.uasset" 343
"../../../../../Unreal Projects/BuildingEscape/Content/MedievalDungeon/Materials/M_Stone_Altar_Inst.uasset" 344
"../../../../../Unreal Projects/BuildingEscape/Content/MedievalDungeon/Meshes/Props/SM_Alter.uasset" 345
"../../../../../Unreal Projects/BuildingEscape/Content/MedievalDungeon/Textures/T_Chains_Texturing_A.uasset" 346
"../../../../../Unreal Projects/BuildingEscape/Content/MedievalDungeon/Textures/T_Chains_Texturing_C.uasset" 347
"../../../../../Unreal Projects/BuildingEscape/Content/MedievalDungeon/Textures/T_Chains_Texturing_N.uasset" 348
"../../../../../Unreal Projects/BuildingEscape/Content/MedievalDungeon/Materials/M_Chains_Inst.uasset" 349
"../../../../../Unreal Projects/BuildingEscape/Content/MedievalDungeon/Meshes/Props/SM_Decor_Chains_A.uasset" 350
"../../../../../Unreal Projects/BuildingEscape/Content/MedievalDungeon/Textures/T_Dirt_Mound_Texturing_A.uasset" 351
"../../../../../Unreal Projects/BuildingEscape/Content/MedievalDungeon/Textures/T_Dirt_Mound_Texturing_C.uasset" 352
"../../../../../Unreal Projects/BuildingEscape/Content/MedievalDungeon/Textures/T_Dirt_Mound_Texturing_N.uasset" 353
"../../../../../Unreal Projects/BuildingEscape/Content/MedievalDungeon/Materials/M_Dirt_Mounds_Inst.uasset" 354
"../../../../../Unreal Projects/BuildingEscape/Content/MedievalDungeon/Meshes/Props/SM_Dirt_Mound_B.uasset" 355
"../../../../../Unreal Projects/BuildingEscape/Content/MedievalDungeon/Meshes/Props/SM_Dirt_Mound_C.uasset" 356
"../../../../../Unreal Projects/BuildingEscape/Content/MedievalDungeon/Meshes/Props/SM_Dirt_Mound_D.uasset" 357
"../../../../../Unreal Projects/BuildingEscape/Content/MedievalDungeon/Textures/T_Gargoyle_A.uasset" 358
"../../../../../Unreal Projects/BuildingEscape/Content/MedievalDungeon/Textures/T_Gargoyle_C.uasset" 359
"../../../../../Unreal Projects/BuildingEscape/Content/MedievalDungeon/Textures/T_Gargoyle_N.uasset" 360
"../../../../../Unreal Projects/BuildingEscape/Content/MedievalDungeon/Materials/M_Gargoyle_Inst.uasset" 361
"../../../../../Unreal Projects/BuildingEscape/Content/MedievalDungeon/Meshes/Props/SM_Gargoyle_Statue.uasset" 362
"../../../../../Unreal Projects/BuildingEscape/Content/MedievalDungeon/Textures/T_Gargoyle_Stand_A.uasset" 363
"../../../../../Unreal Projects/BuildingEscape/Content/MedievalDungeon/Textures/T_Gargoyle_Stand_C.uasset" 364
"../../../../../Unreal Projects/BuildingEscape/Content/MedievalDungeon/Textures/T_Gargoyle_Stand_N.uasset" 365
"../../../../../Unreal Projects/BuildingEscape/Content/MedievalDungeon/Materials/M_Gargoyle_Stand_Inst.uasset" 366
"../../../../../Unreal Projects/BuildingEscape/Content/MedievalDungeon/Meshes/Props/SM_Gargoyle_Statue_Stand.uasset" 367
"../../../../../Unreal Projects/BuildingEscape/Content/MedievalDungeon/Textures/T_Gibbet_Cage_Mount_Texturing_A.uasset" 368
"../../../../../Unreal Projects/BuildingEscape/Content/MedievalDungeon/Textures/T_Gibbet_Cage_Mount_Texturing_C.uasset" 369
"../../../../../Unreal Projects/BuildingEscape/Content/MedievalDungeon/Textures/T_Gibbet_Cage_Mount_Texturing_N.uasset" 370
"../../../../../Unreal Projects/BuildingEscape/Content/MedievalDungeon/Materials/M_Gibbet_Cage_Inst.uasset" 371
"../../../../../Unreal Projects/BuildingEscape/Content/MedievalDungeon/Meshes/Props/SM_Gibbet_Cage_Open.uasset" 372
"../../../../../Unreal Projects/BuildingEscape/Content/MedievalDungeon/Meshes/Props/SM_Gibbet_Cage_Wall_Mount.uasset" 373
"../../../../../Unreal Projects/BuildingEscape/Content/MedievalDungeon/Textures/T_Pots_Texturing_A.uasset" 374
"../../../../../Unreal Projects/BuildingEscape/Content/MedievalDungeon/Textures/T_Pots_Texturing_C.uasset" 375
"../../../../../Unreal Projects/BuildingEscape/Content/MedievalDungeon/Textures/T_Pots_Texturing_N.uasset" 376
"../../../../../Unreal Projects/BuildingEscape/Content/MedievalDungeon/Materials/M_Pots_Inst.uasset" 377
"../../../../../Unreal Projects/BuildingEscape/Content/MedievalDungeon/Meshes/Props/SM_Pot_A_Complete.uasset" 378
"../../../../../Unreal Projects/BuildingEscape/Content/MedievalDungeon/Meshes/Props/SM_Pot_A_Lid.uasset" 379
"../../../../../Unreal Projects/BuildingEscape/Content/MedievalDungeon/Meshes/Props/SM_Pot_B_Body.uasset" 380
"../../../../../Unreal Projects/BuildingEscape/Content/MedievalDungeon/Meshes/Props/SM_Pot_B_Complete.uasset" 381
"../../../../../Unreal Projects/BuildingEscape/Content/MedievalDungeon/Meshes/Props/SM_Pot_B_Lid.uasset" 382
"../../../../../Unreal Projects/BuildingEscape/Content/MedievalDungeon/Meshes/Props/SM_Pot_C_Body.uasset" 383
"../../../../../Unreal Projects/BuildingEscape/Content/MedievalDungeon/Textures/T_Statue_Hooded_Metal_A.uasset" 384
"../../../../../Unreal Projects/BuildingEscape/Content/MedievalDungeon/Textures/T_Statue_Hooded_Metal_C.uasset" 385
"../../../../../Unreal Projects/BuildingEscape/Content/MedievalDungeon/Textures/T_Statue_Hooded_Metal_N.uasset" 386
"../../../../../Unreal Projects/BuildingEscape/Content/MedievalDungeon/Materials/M_Statue_Hooded_Metal_Inst.uasset" 387
"../../../../../Unreal Projects/BuildingEscape/Content/MedievalDungeon/Meshes/Props/SM_Statue_Hooded_Metal.uasset" 388
"../../../../../Unreal Projects/BuildingEscape/Content/MedievalDungeon/Textures/T_Torch_A.uasset" 389
"../../../../../Unreal Projects/BuildingEscape/Content/MedievalDungeon/Textures/T_Torch_C.uasset" 390
"../../../../../Unreal Projects/BuildingEscape/Content/MedievalDungeon/Textures/T_Torch_N.uasset" 391
"../../../../../Unreal Projects/BuildingEscape/Content/MedievalDungeon/Materials/M_Torch_Inst.uasset" 392
"../../../../../Unreal Projects/BuildingEscape/Content/MedievalDungeon/Meshes/Props/SM_Torch.uasset" 393
"../../../../../Unreal Projects/BuildingEscape/Content/MedievalDungeon/Textures/T_Torture_Chair_A.uasset" 394
"../../../../../Unreal Projects/BuildingEscape/Content/MedievalDungeon/Textures/T_Torture_Chair_C.uasset" 395
"../../../../../Unreal Projects/BuildingEscape/Content/MedievalDungeon/Textures/T_Torture_Chair_Normal.uasset" 396
"../../../../../Unreal Projects/BuildingEscape/Content/MedievalDungeon/Materials/M_Torture_Chair_Inst.uasset" 397
"../../../../../Unreal Projects/BuildingEscape/Content/MedievalDungeon/Meshes/Props/SM_Torture_Chair.uasset" 398
"../../../../../Unreal Projects/BuildingEscape/Content/MedievalDungeon/Meshes/Skeletons/SM_Bones_RibCage.uasset" 399
"../../../../../Unreal Projects/BuildingEscape/Content/MedievalDungeon/Meshes/Skeletons/SM_Bones_Skull.uasset" 400
"../../../../../Unreal Projects/BuildingEscape/Content/MedievalDungeon/Meshes/Skeletons/SM_Bones_TibiaLeft.uasset" 401
"../../../../../Unreal Projects/BuildingEscape/Content/MedievalDungeon/Meshes/Skeletons/SM_Bones_TibiaRight.uasset" 402
"../../../../../Unreal Projects/BuildingEscape/Content/MedievalDungeon/Meshes/Skeletons/SM_Skeleton_05.uasset" 403
"../../../../../Unreal Projects/BuildingEscape/Content/MedievalDungeon/Particles/Textures/T_Fire_SubUV.uasset" 404
"../../../../../Unreal Projects/BuildingEscape/Content/MedievalDungeon/Particles/Textures/T_Fire_Tiled_D.uasset" 405
"../../../../../Unreal Projects/BuildingEscape/Content/MedievalDungeon/Particles/Materials/M_Fire_SubUV.uasset" 406
"../../../../../Unreal Projects/BuildingEscape/Content/MedievalDungeon/Textures/T_Water_N.uasset" 407
"../../../../../Unreal Projects/BuildingEscape/Content/MedievalDungeon/Particles/Materials/M_Heat_Distortion.uasset" 408
"../../../Engine/Content/Functions/Engine_MaterialFunctions01/Gradient/RadialGradient.uasset" 409
"../../../../../Unreal Projects/BuildingEscape/Content/MedievalDungeon/Particles/Materials/M_Radial_Gradient.uasset" 410
"../../../../../Unreal Projects/BuildingEscape/Content/MedievalDungeon/Particles/Textures/T_Smoke_SubUV.uasset" 411
"../../../../../Unreal Projects/BuildingEscape/Content/MedievalDungeon/Particles/Textures/T_Smoke_Tiled_D.uasset" 412
"../../../../../Unreal Projects/BuildingEscape/Content/MedievalDungeon/Particles/Materials/M_smoke_subUV.uasset" 413
"../../../../../Unreal Projects/BuildingEscape/Content/MedievalDungeon/Particles/P_Pit_Fire.uasset" 414
"../../../../../Unreal Projects/BuildingEscape/Content/MedievalDungeon/Particles/P_Torch_Fire.uasset" 415
"../../../../../Unreal Projects/BuildingEscape/Content/Levels/Escape.umap" 416
"../../../../../Unreal Projects/BuildingEscape/Content/MedievalDungeon/Textures/T_Candles_A.uasset" 417
"../../../../../Unreal Projects/BuildingEscape/Content/MedievalDungeon/Textures/T_Candles_C.uasset" 418
"../../../../../Unreal Projects/BuildingEscape/Content/MedievalDungeon/Textures/T_Candles_N.uasset" 419
"../../../../../Unreal Projects/BuildingEscape/Content/MedievalDungeon/Materials/M_Candles_Master.uasset" 420
"../../../../../Unreal Projects/BuildingEscape/Content/MedievalDungeon/Materials/M_Candles_Inst.uasset" 421
"../../../../../Unreal Projects/BuildingEscape/Content/MedievalDungeon/Meshes/Props/SM_Candle.uasset" 422
"../../../../../Unreal Projects/BuildingEscape/Content/MedievalDungeon/Particles/Textures/T_CandleFlame.uasset" 423
"../../../../../Unreal Projects/BuildingEscape/Content/MedievalDungeon/Particles/Materials/M_CandleFlame.uasset" 424
"../../../../../Unreal Projects/BuildingEscape/Content/MedievalDungeon/Particles/PS_CandleFlame.uasset" 425
"../../../../../Unreal Projects/BuildingEscape/Content/MedievalDungeon/Blueprints/BP_Candle.uasset" 426
"../../../../../Unreal Projects/BuildingEscape/Content/MedievalDungeon/Textures/T_Candle_Holder_A.uasset" 427
"../../../../../Unreal Projects/BuildingEscape/Content/MedievalDungeon/Textures/T_Candle_Holder_C.uasset" 428
"../../../../../Unreal Projects/BuildingEscape/Content/MedievalDungeon/Textures/T_Candle_Holder_N.uasset" 429
"../../../../../Unreal Projects/BuildingEscape/Content/MedievalDungeon/Materials/M_Candle_Holder_Inst.uasset" 430
"../../../../../Unreal Projects/BuildingEscape/Content/MedievalDungeon/Meshes/Props/SM_Candle_Holder.uasset" 431
"../../../../../Unreal Projects/BuildingEscape/Content/MedievalDungeon/Meshes/Props/SM_Candle_Used_A.uasset" 432
"../../../../../Unreal Projects/BuildingEscape/Content/MedievalDungeon/Meshes/Props/SM_Candle_Used_B.uasset" 433
"../../../../../Unreal Projects/BuildingEscape/Content/MedievalDungeon/Meshes/Props/SM_Candle_Used_C.uasset" 434
"../../../../../Unreal Projects/BuildingEscape/Content/MedievalDungeon/Blueprints/BP_Candle_Holder.uasset" 435
"../../../../../Unreal Projects/BuildingEscape/Content/MedievalDungeon/Blueprints/BP_Candle_Used_A.uasset" 436
"../../../../../Unreal Projects/BuildingEscape/Content/MedievalDungeon/Blueprints/BP_Candle_Used_B.uasset" 437
"../../../../../Unreal Projects/BuildingEscape/Content/MedievalDungeon/Blueprints/BP_Candle_Used_C.uasset" 438
"../../../../../Unreal Projects/BuildingEscape/Content/MedievalDungeon/Textures/T_CandleHolder_Bronze_A.uasset" 439
"../../../../../Unreal Projects/BuildingEscape/Content/MedievalDungeon/Textures/T_CandleHolder_Bronze_C.uasset" 440
"../../../../../Unreal Projects/BuildingEscape/Content/MedievalDungeon/Textures/T_CandleHolder_Bronze_N.uasset" 441
"../../../../../Unreal Projects/BuildingEscape/Content/MedievalDungeon/Materials/M_CandleHolder_Bronze_Inst.uasset" 442
"../../../../../Unreal Projects/BuildingEscape/Content/MedievalDungeon/Meshes/Props/SM_CandleHolder_Bronze.uasset" 443
"../../../../../Unreal Projects/BuildingEscape/Content/MedievalDungeon/Blueprints/BP_CandleHolder_Bronze.uasset" 444
"../../../../../Unreal Projects/BuildingEscape/Content/MedievalDungeon/Textures/T_CandleHolder_Iron_A.uasset" 445
"../../../../../Unreal Projects/BuildingEscape/Content/MedievalDungeon/Textures/T_CandleHolder_Iron_C.uasset" 446
"../../../../../Unreal Projects/BuildingEscape/Content/MedievalDungeon/Textures/T_CandleHolder_Iron_N.uasset" 447
"../../../../../Unreal Projects/BuildingEscape/Content/MedievalDungeon/Materials/M_CandleHolder_Iron_Inst.uasset" 448
"../../../../../Unreal Projects/BuildingEscape/Content/MedievalDungeon/Meshes/Props/SM_CandleHolder_Iron.uasset" 449
"../../../../../Unreal Projects/BuildingEscape/Content/MedievalDungeon/Blueprints/BP_CandleHolder_Iron.uasset" 450
"../../../../../Unreal Projects/BuildingEscape/Content/MedievalDungeon/Textures/T_CandleStick_Iron_A.uasset" 451
"../../../../../Unreal Projects/BuildingEscape/Content/MedievalDungeon/Textures/T_CandleStick_Iron_C.uasset" 452
"../../../../../Unreal Projects/BuildingEscape/Content/MedievalDungeon/Textures/T_CandleStick_Iron_N.uasset" 453
"../../../../../Unreal Projects/BuildingEscape/Content/MedievalDungeon/Materials/M_CandleStick_Iron_Inst.uasset" 454
"../../../../../Unreal Projects/BuildingEscape/Content/MedievalDungeon/Meshes/Props/SM_CandleStick_Iron.uasset" 455
"../../../../../Unreal Projects/BuildingEscape/Content/MedievalDungeon/Blueprints/BP_CandleStick_Bronze.uasset" 456
"../../../../../Unreal Projects/BuildingEscape/Content/MedievalDungeon/Blueprints/BP_CandleStick_Iron.uasset" 457
"../../../../../Unreal Projects/BuildingEscape/Content/MedievalDungeon/Textures/T_Cell_Door_Front_A.uasset" 458
"../../../../../Unreal Projects/BuildingEscape/Content/MedievalDungeon/Textures/T_Cell_Door_Front_C.uasset" 459
"../../../../../Unreal Projects/BuildingEscape/Content/MedievalDungeon/Textures/T_Cell_Door_Front_N.uasset" 460
"../../../../../Unreal Projects/BuildingEscape/Content/MedievalDungeon/Materials/M_Cell_Door_Front_Inst.uasset" 461
"../../../../../Unreal Projects/BuildingEscape/Content/MedievalDungeon/Meshes/Architecture/Dungeon/SM_Cell_Door.uasset" 462
"../../../../../Unreal Projects/BuildingEscape/Content/MedievalDungeon/Meshes/Architecture/Dungeon/SM_Cell_Front.uasset" 463
"../../../../../Unreal Projects/BuildingEscape/Content/MedievalDungeon/Blueprints/BP_Cell_Door.uasset" 464
"../../../../../Unreal Projects/BuildingEscape/Content/MedievalDungeon/Materials/M_Flicker_Light_Function.uasset" 465
"../../../../../Unreal Projects/BuildingEscape/Content/MedievalDungeon/Textures/T_Chandelier_A.uasset" 466
"../../../../../Unreal Projects/BuildingEscape/Content/MedievalDungeon/Textures/T_Chandelier_C.uasset" 467
"../../../../../Unreal Projects/BuildingEscape/Content/MedievalDungeon/Textures/T_Chandelier_N.uasset" 468
"../../../../../Unreal Projects/BuildingEscape/Content/MedievalDungeon/Materials/M_Chandlier_Inst.uasset" 469
"../../../../../Unreal Projects/BuildingEscape/Content/MedievalDungeon/Meshes/Props/SM_Chandelier.uasset" 470
"../../../../../Unreal Projects/BuildingEscape/Content/MedievalDungeon/Blueprints/BP_Chandalier.uasset" 471
"../../../../../Unreal Projects/BuildingEscape/Content/MedievalDungeon/Meshes/Architecture/Crypt/SM_Crypt_Doorway.uasset" 472
"../../../../../Unreal Projects/BuildingEscape/Content/MedievalDungeon/Textures/T_DoorWay_Large_Door_Left_Albedo.uasset" 473
"../../../../../Unreal Projects/BuildingEscape/Content/MedievalDungeon/Textures/T_DoorWay_Large_Door_Left_Compact.uasset" 474
"../../../../../Unreal Projects/BuildingEscape/Content/MedievalDungeon/Textures/T_DoorWay_Large_Door_Left_Normal.uasset" 475
"../../../../../Unreal Projects/BuildingEscape/Content/MedievalDungeon/Materials/M_Doorway_Large_Left_Door_Inst.uasset" 476
"../../../../../Unreal Projects/BuildingEscape/Content/MedievalDungeon/Meshes/Architecture/Dungeon/SM_DoorWay_Large_Door_Left.uasset" 477
"../../../../../Unreal Projects/BuildingEscape/Content/MedievalDungeon/Blueprints/BP_Crypt_Doorway.uasset" 478
"../../../../../Unreal Projects/BuildingEscape/Content/MedievalDungeon/Blueprints/BP_Dungeon_Doorway.uasset" 479
"../../../../../Unreal Projects/BuildingEscape/Content/MedievalDungeon/Meshes/Props/SM_Gibbet_Cage.uasset" 480
"../../../../../Unreal Projects/BuildingEscape/Content/MedievalDungeon/Blueprints/BP_Hanging_Gibbet_Cage.uasset" 481
"../../../../../Unreal Projects/BuildingEscape/Content/MedievalDungeon/Materials/M_Torch_Flicker_Light_Function.uasset" 482
"../../../../../Unreal Projects/BuildingEscape/Content/MedievalDungeon/Blueprints/BP_Torch.uasset" 483
"../../../../../Unreal Projects/BuildingEscape/Content/MedievalDungeon/Maps/Demonstration_BuiltData.uasset" 484
"../../../../../Unreal Projects/BuildingEscape/Content/MedievalDungeon/Textures/T_Crypt_Wall_Decorative_B_Albedo.uasset" 485
"../../../../../Unreal Projects/BuildingEscape/Content/MedievalDungeon/Textures/T_Crypt_Wall_Decorative_B_Compact.uasset" 486
"../../../../../Unreal Projects/BuildingEscape/Content/MedievalDungeon/Textures/T_Crypt_Wall_Decorative_B_Normal.uasset" 487
"../../../../../Unreal Projects/BuildingEscape/Content/MedievalDungeon/Materials/M_Crypt_Wall_Decorative_B_Inst.uasset" 488
"../../../Engine/Content/EngineVolumetrics/Fogsheet/T_EV_Fogsheet_FlareColors_01.uasset" 489
"../../../../../Unreal Projects/BuildingEscape/Content/MedievalDungeon/Meshes/Architecture/Crypt/SM_Crypt_Ceiling.uasset" 490
"../../../../../Unreal Projects/BuildingEscape/Content/MedievalDungeon/Meshes/Architecture/Crypt/SM_Crypt_Ceiling_Arch_A.uasset" 491
"../../../../../Unreal Projects/BuildingEscape/Content/MedievalDungeon/Meshes/Architecture/Crypt/SM_Crypt_Floor.uasset" 492
"../../../../../Unreal Projects/BuildingEscape/Content/MedievalDungeon/Meshes/Architecture/Crypt/SM_Crypt_Floor_Concave.uasset" 493
"../../../../../Unreal Projects/BuildingEscape/Content/MedievalDungeon/Meshes/Architecture/Crypt/SM_Crypt_Floor_Concave_End_A.uasset" 494
"../../../../../Unreal Projects/BuildingEscape/Content/MedievalDungeon/Meshes/Architecture/Crypt/SM_Crypt_Floor_Concave_End_B.uasset" 495
"../../../../../Unreal Projects/BuildingEscape/Content/MedievalDungeon/Meshes/Architecture/Crypt/SM_Crypt_Pillar.uasset" 496
"../../../../../Unreal Projects/BuildingEscape/Content/MedievalDungeon/Meshes/Architecture/Crypt/SM_Crypt_Wall.uasset" 497
"../../../../../Unreal Projects/BuildingEscape/Content/MedievalDungeon/Textures/T_Dungeon_Wall_Decorative_A_A.uasset" 498
"../../../../../Unreal Projects/BuildingEscape/Content/MedievalDungeon/Textures/T_Dungeon_Wall_Decorative_A_C.uasset" 499
"../../../../../Unreal Projects/BuildingEscape/Content/MedievalDungeon/Textures/T_Dungeon_Wall_Decorative_A_N.uasset" 500
"../../../../../Unreal Projects/BuildingEscape/Content/MedievalDungeon/Materials/M_Crypt_Wall_Decorative_A_Inst.uasset" 501
"../../../../../Unreal Projects/BuildingEscape/Content/MedievalDungeon/Meshes/Architecture/Crypt/SM_Crypt_Wall_Decorative_A.uasset" 502
"../../../../../Unreal Projects/BuildingEscape/Content/MedievalDungeon/Meshes/Architecture/Crypt/SM_Crypt_Wall_Decorative_B.uasset" 503
"../../../../../Unreal Projects/BuildingEscape/Content/MedievalDungeon/Textures/T_Crypt_Wall_Decorative_C_Albedo.uasset" 504
"../../../../../Unreal Projects/BuildingEscape/Content/MedievalDungeon/Textures/T_Crypt_Wall_Decorative_C_Compact.uasset" 505
"../../../../../Unreal Projects/BuildingEscape/Content/MedievalDungeon/Textures/T_Crypt_Wall_Decorative_C_Normal.uasset" 506
"../../../../../Unreal Projects/BuildingEscape/Content/MedievalDungeon/Materials/M_Crypt_Wall_Decorative_C_Inst.uasset" 507
"../../../../../Unreal Projects/BuildingEscape/Content/MedievalDungeon/Meshes/Architecture/Crypt/SM_Crypt_Wall_Decorative_C.uasset" 508
"../../../../../Unreal Projects/BuildingEscape/Content/MedievalDungeon/Textures/T_Crypt_Wall_Decorative_D_A.uasset" 509
"../../../../../Unreal Projects/BuildingEscape/Content/MedievalDungeon/Textures/T_Crypt_Wall_Decorative_D_C.uasset" 510
"../../../../../Unreal Projects/BuildingEscape/Content/MedievalDungeon/Textures/T_Crypt_Wall_Decorative_D_N.uasset" 511
"../../../../../Unreal Projects/BuildingEscape/Content/MedievalDungeon/Materials/M_Crypt_Wall_Decorative_D_Inst.uasset" 512
"../../../../../Unreal Projects/BuildingEscape/Content/MedievalDungeon/Meshes/Architecture/Crypt/SM_Crypt_Wall_Decorative_D.uasset" 513
"../../../../../Unreal Projects/BuildingEscape/Content/MedievalDungeon/Meshes/Architecture/Crypt/SM_Crypt_Wall_Floor_Trim.uasset" 514
"../../../../../Unreal Projects/BuildingEscape/Content/MedievalDungeon/Textures/T_Tiling_Plaster_A.uasset" 515
"../../../../../Unreal Projects/BuildingEscape/Content/MedievalDungeon/Textures/T_Tiling_Plaster_C.uasset" 516
"../../../../../Unreal Projects/BuildingEscape/Content/MedievalDungeon/Textures/T_Tiling_Plaster_N.uasset" 517
"../../../../../Unreal Projects/BuildingEscape/Content/MedievalDungeon/Materials/M_Tiling_Plaster_Inst.uasset" 518
"../../../../../Unreal Projects/BuildingEscape/Content/MedievalDungeon/Meshes/Architecture/Crypt/SM_Crypt_Wall_Plaster.uasset" 519
"../../../../../Unreal Projects/BuildingEscape/Content/MedievalDungeon/Meshes/Architecture/Crypt/SM_Crypt_Wall_Stop_Gap.uasset" 520
"../../../../../Unreal Projects/BuildingEscape/Content/MedievalDungeon/Textures/T_Mausoleum_Part_A_A.uasset" 521
"../../../../../Unreal Projects/BuildingEscape/Content/MedievalDungeon/Textures/T_Mausoleum_Part_A_C.uasset" 522
"../../../../../Unreal Projects/BuildingEscape/Content/MedievalDungeon/Textures/T_Mausoleum_Part_A_N.uasset" 523
"../../../../../Unreal Projects/BuildingEscape/Content/MedievalDungeon/Materials/M_Mausoleum_Part_A_Inst.uasset" 524
"../../../../../Unreal Projects/BuildingEscape/Content/MedievalDungeon/Textures/T_Mausoleum_Part_B_A.uasset" 525
"../../../../../Unreal Projects/BuildingEscape/Content/MedievalDungeon/Textures/T_Mausoleum_Part_B_C.uasset" 526
"../../../../../Unreal Projects/BuildingEscape/Content/MedievalDungeon/Textures/T_Mausoleum_Part_B_N.uasset" 527
"../../../../../Unreal Projects/BuildingEscape/Content/MedievalDungeon/Materials/M_Mausoleum_Part_B_Inst.uasset" 528
"../../../../../Unreal Projects/BuildingEscape/Content/MedievalDungeon/Meshes/Architecture/Crypt/SM_Mausoleum.uasset" 529
"../../../../../Unreal Projects/BuildingEscape/Content/MedievalDungeon/Textures/T_Mausoleum_Ceiling_A.uasset" 530
"../../../../../Unreal Projects/BuildingEscape/Content/MedievalDungeon/Textures/T_Mausoleum_Ceiling_C.uasset" 531
"../../../../../Unreal Projects/BuildingEscape/Content/MedievalDungeon/Textures/T_Mausoleum_Ceiling_N.uasset" 532
"../../../../../Unreal Projects/BuildingEscape/Content/MedievalDungeon/Materials/M_Mausoleum_Ceiling_Inst.uasset" 533
"../../../../../Unreal Projects/BuildingEscape/Content/MedievalDungeon/Meshes/Architecture/Crypt/SM_Mausoleum_Ceiling.uasset" 534
"../../../../../Unreal Projects/BuildingEscape/Content/MedievalDungeon/Meshes/Architecture/Crypt/SM_Mausoleum_Lid_A.uasset" 535
"../../../../../Unreal Projects/BuildingEscape/Content/MedievalDungeon/Meshes/Architecture/Crypt/SM_Mausoleum_Lid_B.uasset" 536
"../../../../../Unreal Projects/BuildingEscape/Content/MedievalDungeon/Meshes/Architecture/Crypt/SM_Mausoleum_Lid_C.uasset" 537
"../../../../../Unreal Projects/BuildingEscape/Content/MedievalDungeon/Meshes/Architecture/Dungeon/SM_Ceiling_Half.uasset" 538
"../../../../../Unreal Projects/BuildingEscape/Content/MedievalDungeon/Meshes/Architecture/Dungeon/SM_Ceiling_Piece.uasset" 539
"../../../../../Unreal Projects/BuildingEscape/Content/MedievalDungeon/Meshes/Architecture/Dungeon/SM_Ceiling_Piece_B.uasset" 540
"../../../../../Unreal Projects/BuildingEscape/Content/MedievalDungeon/Meshes/Architecture/Dungeon/SM_Ceiling_Third.uasset" 541
"../../../../../Unreal Projects/BuildingEscape/Content/MedievalDungeon/Textures/T_Decorative_Arches_A.uasset" 542
"../../../../../Unreal Projects/BuildingEscape/Content/MedievalDungeon/Textures/T_Decorative_Arches_C.uasset" 543
"../../../../../Unreal Projects/BuildingEscape/Content/MedievalDungeon/Textures/T_Decorative_Arches_N.uasset" 544
"../../../../../Unreal Projects/BuildingEscape/Content/MedievalDungeon/Materials/M_Decorative_Arches_Inst.uasset" 545
"../../../../../Unreal Projects/BuildingEscape/Content/MedievalDungeon/Meshes/Architecture/Dungeon/SM_Decorative_Arches.uasset" 546
"../../../../../Unreal Projects/BuildingEscape/Content/MedievalDungeon/Materials/M_Dungeon_Wall_Decorative_A_Inst.uasset" 547
"../../../../../Unreal Projects/BuildingEscape/Content/MedievalDungeon/Meshes/Architecture/Dungeon/SM_Dungeon_Wall_Decorative_A.uasset" 548
"../../../../../Unreal Projects/BuildingEscape/Content/MedievalDungeon/Meshes/Architecture/Dungeon/SM_Dungeon_Wall_Decorative_D.uasset" 549
"../../../../../Unreal Projects/BuildingEscape/Content/MedievalDungeon/Meshes/Architecture/Dungeon/SM_Edge_Stones.uasset" 550
"../../../../../Unreal Projects/BuildingEscape/Content/MedievalDungeon/Meshes/Architecture/Dungeon/SM_Floor.uasset" 551
"../../../../../Unreal Projects/BuildingEscape/Content/MedievalDungeon/Textures/T_Small_Window_A.uasset" 552
"../../../../../Unreal Projects/BuildingEscape/Content/MedievalDungeon/Textures/T_Small_Window_C.uasset" 553
"../../../../../Unreal Projects/BuildingEscape/Content/MedievalDungeon/Textures/T_Small_Window_N.uasset" 554
"../../../../../Unreal Projects/BuildingEscape/Content/MedievalDungeon/Materials/M_Small_Window_Inst.uasset" 555
"../../../../../Unreal Projects/BuildingEscape/Content/MedievalDungeon/Meshes/Architecture/Dungeon/SM_Small_Window_Half.uasset" 556
"../../../../../Unreal Projects/BuildingEscape/Content/MedievalDungeon/Textures/T_Stairs_10_Albedo.uasset" 557
"../../../../../Unreal Projects/BuildingEscape/Content/MedievalDungeon/Textures/T_Stairs_10_Compact.uasset" 558
"../../../../../Unreal Projects/BuildingEscape/Content/MedievalDungeon/Textures/T_Stairs_10_Normal.uasset" 559
"../../../../../Unreal Projects/BuildingEscape/Content/MedievalDungeon/Materials/M_Stairs_10_Inst.uasset" 560
"../../../../../Unreal Projects/BuildingEscape/Content/MedievalDungeon/Meshes/Architecture/Dungeon/SM_Stairs_10.uasset" 561
"../../../../../Unreal Projects/BuildingEscape/Content/MedievalDungeon/Meshes/Architecture/Dungeon/SM_Stairs_5.uasset" 562
"../../../../../Unreal Projects/BuildingEscape/Content/MedievalDungeon/Meshes/Architecture/Dungeon/SM_Wall_Floor_Trim.uasset" 563
"../../../../../Unreal Projects/BuildingEscape/Content/MedievalDungeon/Meshes/Architecture/Dungeon/Wall_Short.uasset" 564
"../../../../../Unreal Projects/BuildingEscape/Content/MedievalDungeon/Meshes/Props/SM_Ball_And_Chain.uasset" 565
"../../../../../Unreal Projects/BuildingEscape/Content/MedievalDungeon/Textures/T_Bed_A.uasset" 566
"../../../../../Unreal Projects/BuildingEscape/Content/MedievalDungeon/Textures/T_Bed_C.uasset" 567
"../../../../../Unreal Projects/BuildingEscape/Content/MedievalDungeon/Textures/T_Bed_N.uasset" 568
"../../../../../Unreal Projects/BuildingEscape/Content/MedievalDungeon/Materials/M_Bed_Inst.uasset" 569
"../../../../../Unreal Projects/BuildingEscape/Content/MedievalDungeon/Meshes/Props/SM_Bed.uasset" 570
"../../../../../Unreal Projects/BuildingEscape/Content/MedievalDungeon/Meshes/Props/SM_Coffin.uasset" 571
"../../../../../Unreal Projects/BuildingEscape/Content/MedievalDungeon/Meshes/Props/SM_Decor_Chains_B.uasset" 572
"../../../../../Unreal Projects/BuildingEscape/Content/MedievalDungeon/Meshes/Props/SM_Decor_Ring.uasset" 573
"../../../../../Unreal Projects/BuildingEscape/Content/MedievalDungeon/Meshes/Props/SM_Dirt_Mound_A.uasset" 574
"../../../../../Unreal Projects/BuildingEscape/Content/MedievalDungeon/Meshes/Props/SM_Gargoyle_Statue_On_Stand.uasset" 575
"../../../../../Unreal Projects/BuildingEscape/Content/MedievalDungeon/Meshes/Props/SM_Handcuff.uasset" 576
"../../../../../Unreal Projects/BuildingEscape/Content/MedievalDungeon/Meshes/Props/SM_Lock_Closed.uasset" 577
"../../../../../Unreal Projects/BuildingEscape/Content/MedievalDungeon/Meshes/Props/SM_Lock_Key.uasset" 578
"../../../../../Unreal Projects/BuildingEscape/Content/MedievalDungeon/Meshes/Props/SM_Lock_Open.uasset" 579
"../../../../../Unreal Projects/BuildingEscape/Content/MedievalDungeon/Meshes/Props/SM_Pot_A_Body.uasset" 580
"../../../../../Unreal Projects/BuildingEscape/Content/MedievalDungeon/Meshes/Props/SM_Pot_C_Complete.uasset" 581
"../../../../../Unreal Projects/BuildingEscape/Content/MedievalDungeon/Meshes/Props/SM_Pot_C_Lid.uasset" 582
"../../../../../Unreal Projects/BuildingEscape/Content/MedievalDungeon/Textures/T_Statue_Hooded_A.uasset" 583
"../../../../../Unreal Projects/BuildingEscape/Content/MedievalDungeon/Textures/T_Statue_Hooded_N.uasset" 584
"../../../../../Unreal Projects/BuildingEscape/Content/MedievalDungeon/Textures/T_Statue_Hooded_R.uasset" 585
"../../../../../Unreal Projects/BuildingEscape/Content/MedievalDungeon/Materials/M_Statue.uasset" 586
"../../../../../Unreal Projects/BuildingEscape/Content/MedievalDungeon/Meshes/Props/SM_Statue_Hooded.uasset" 587
"../../../../../Unreal Projects/BuildingEscape/Content/MedievalDungeon/Textures/T_Statue_Stand_A.uasset" 588
"../../../../../Unreal Projects/BuildingEscape/Content/MedievalDungeon/Textures/T_Statue_Stand_C.uasset" 589
"../../../../../Unreal Projects/BuildingEscape/Content/MedievalDungeon/Textures/T_Statue_Stand_N.uasset" 590
"../../../../../Unreal Projects/BuildingEscape/Content/MedievalDungeon/Materials/M_Statue_Stand_Inst.uasset" 591
"../../../../../Unreal Projects/BuildingEscape/Content/MedievalDungeon/Meshes/Props/SM_Statue_Stand.uasset" 592
"../../../../../Unreal Projects/BuildingEscape/Content/MedievalDungeon/Textures/T_Stocks_A.uasset" 593
"../../../../../Unreal Projects/BuildingEscape/Content/MedievalDungeon/Textures/T_Stocks_C.uasset" 594
"../../../../../Unreal Projects/BuildingEscape/Content/MedievalDungeon/Textures/T_Stocks_N.uasset" 595
"../../../../../Unreal Projects/BuildingEscape/Content/MedievalDungeon/Materials/M_Stocks_Inst.uasset" 596
"../../../../../Unreal Projects/BuildingEscape/Content/MedievalDungeon/Meshes/Props/SM_Stocks_Game_Ready.uasset" 597
"../../../../../Unreal Projects/BuildingEscape/Content/MedievalDungeon/Textures/T_Stone_Coffin_A.uasset" 598
"../../../../../Unreal Projects/BuildingEscape/Content/MedievalDungeon/Textures/T_Stone_Coffin_C.uasset" 599
"../../../../../Unreal Projects/BuildingEscape/Content/MedievalDungeon/Textures/T_Stone_Coffin_N.uasset" 600
"../../../../../Unreal Projects/BuildingEscape/Content/MedievalDungeon/Materials/M_Stone_Coffin_Inst.uasset" 601
"../../../../../Unreal Projects/BuildingEscape/Content/MedievalDungeon/Meshes/Props/SM_Stone_Coffin.uasset" 602
"../../../../../Unreal Projects/BuildingEscape/Content/MedievalDungeon/Meshes/Props/SM_Stone_Coffin_Body.uasset" 603
"../../../../../Unreal Projects/BuildingEscape/Content/MedievalDungeon/Meshes/Props/SM_Stone_Coffin_Lid.uasset" 604
"../../../../../Unreal Projects/BuildingEscape/Content/MedievalDungeon/Textures/T_Table_A.uasset" 605
"../../../../../Unreal Projects/BuildingEscape/Content/MedievalDungeon/Textures/T_Table_C.uasset" 606
"../../../../../Unreal Projects/BuildingEscape/Content/MedievalDungeon/Textures/T_Table_N.uasset" 607
"../../../../../Unreal Projects/BuildingEscape/Content/MedievalDungeon/Materials/M_Table_Inst.uasset" 608
"../../../../../Unreal Projects/BuildingEscape/Content/MedievalDungeon/Meshes/Props/SM_Table.uasset" 609
"../../../../../Unreal Projects/BuildingEscape/Content/MedievalDungeon/Meshes/Props/SM_Wood_G.uasset" 610
"../../../../../Unreal Projects/BuildingEscape/Content/MedievalDungeon/Meshes/Skeletons/SM_Bones_Arm.uasset" 611
"../../../../../Unreal Projects/BuildingEscape/Content/MedievalDungeon/Meshes/Skeletons/SM_Bones_ClavicalLeft.uasset" 612
"../../../../../Unreal Projects/BuildingEscape/Content/MedievalDungeon/Meshes/Skeletons/SM_Bones_ClavicalRight.uasset" 613
"../../../../../Unreal Projects/BuildingEscape/Content/MedievalDungeon/Meshes/Skeletons/SM_Bones_FemurLeft.uasset" 614
"../../../../../Unreal Projects/BuildingEscape/Content/MedievalDungeon/Meshes/Skeletons/SM_Bones_FemurRight.uasset" 615
"../../../../../Unreal Projects/BuildingEscape/Content/MedievalDungeon/Meshes/Skeletons/SM_Bones_FibulaLeft.uasset" 616
"../../../../../Unreal Projects/BuildingEscape/Content/MedievalDungeon/Meshes/Skeletons/SM_Bones_FibulaRight.uasset" 617
"../../../../../Unreal Projects/BuildingEscape/Content/MedievalDungeon/Meshes/Skeletons/SM_Bones_FootLeft.uasset" 618
"../../../../../Unreal Projects/BuildingEscape/Content/MedievalDungeon/Meshes/Skeletons/SM_Bones_HandLeft.uasset" 619
"../../../../../Unreal Projects/BuildingEscape/Content/MedievalDungeon/Meshes/Skeletons/SM_Bones_HandRight.uasset" 620
"../../../../../Unreal Projects/BuildingEscape/Content/MedievalDungeon/Meshes/Skeletons/SM_Bones_Hips.uasset" 621
"../../../../../Unreal Projects/BuildingEscape/Content/MedievalDungeon/Meshes/Skeletons/SM_Bones_Jaw.uasset" 622
"../../../../../Unreal Projects/BuildingEscape/Content/MedievalDungeon/Meshes/Skeletons/SM_Bones_Leg.uasset" 623
"../../../../../Unreal Projects/BuildingEscape/Content/MedievalDungeon/Meshes/Skeletons/SM_Bones_Neck.uasset" 624
"../../../../../Unreal Projects/BuildingEscape/Content/MedievalDungeon/Meshes/Skeletons/SM_Bones_RadiusLeft.uasset" 625
"../../../../../Unreal Projects/BuildingEscape/Content/MedievalDungeon/Meshes/Skeletons/SM_Bones_RadiusRight.uasset" 626
"../../../../../Unreal Projects/BuildingEscape/Content/MedievalDungeon/Meshes/Skeletons/SM_Bones_ScapulaLeft.uasset" 627
"../../../../../Unreal Projects/BuildingEscape/Content/MedievalDungeon/Meshes/Skeletons/SM_Bones_UlnaLeft.uasset" 628
"../../../../../Unreal Projects/BuildingEscape/Content/MedievalDungeon/Meshes/Skeletons/SM_Bones_UlnaRight.uasset" 629
"../../../../../Unreal Projects/BuildingEscape/Content/MedievalDungeon/Meshes/Skeletons/SM_Skeleton_01.uasset" 630
"../../../../../Unreal Projects/BuildingEscape/Content/MedievalDungeon/Meshes/Skeletons/SM_Skeleton_02.uasset" 631
"../../../../../Unreal Projects/BuildingEscape/Content/MedievalDungeon/Meshes/Skeletons/SM_Skeleton_03.uasset" 632
"../../../../../Unreal Projects/BuildingEscape/Content/MedievalDungeon/Textures/T_Medieval_Dungeon_LUT.uasset" 633
"../../../../../Unreal Projects/BuildingEscape/Content/MedievalDungeon/Maps/Demonstration.umap" 634
"../../../Engine/Content/Maps/Entry_BuiltData.uasset" 635
"../../../Engine/Content/Maps/Entry.umap" 636
